[2023-02-17T11:24:00.963017+00:00] register Rest.ERROR: validation [] []
[2023-02-17T11:29:33.464710+00:00] register Rest.ERROR: validation [] []
[2023-02-17T11:30:56.835218+00:00] register Rest.ERROR: validation [] []
[2023-02-17T11:34:43.231350+00:00] register Rest.ERROR: validation [] []
[2023-02-17T11:36:54.500443+00:00] register Rest.ERROR: validation [] []
[2023-02-17T11:38:14.798719+00:00] register Rest.ERROR: validation [] []
[2023-02-17T16:02:59.025903+01:00] database.ERROR: Access denied for user 'root'@'localhost' (using password: YES) [] []
[2023-02-17T16:02:59.027896+01:00] register Rest.ERROR: kon geen verbinden maken met de database [] []
[2023-02-17T16:03:27.798441+01:00] database.ERROR: Access denied for user ''@'localhost' (using password: YES) [] []
[2023-02-17T16:03:27.800349+01:00] register Rest.ERROR: kon geen verbinden maken met de database [] []
[2023-02-17T16:03:33.400971+01:00] database.ERROR: Access denied for user ''@'localhost' (using password: YES) [] []
[2023-02-17T16:03:33.524211+01:00] register Rest.ERROR: kon geen verbinden maken met de database [] []
[2023-02-17T16:04:06.904120+01:00] User Model.ERROR: email can not be empty [] []
[2023-02-17T16:04:06.905366+01:00] register Rest.ERROR: something went wrong with the validation [] []
[2023-02-17T16:04:20.929088+01:00] User Model.ERROR: password needs to contain atleast one captital letter [] []
[2023-02-17T16:04:20.930110+01:00] register Rest.ERROR: something went wrong with the validation [] []
[2023-02-17T16:04:28.120406+01:00] Session.ERROR: level can not be empty [] []
[2023-02-17T16:04:28.121434+01:00] register Rest.ERROR: something went wrong with the validation [] []
[2023-02-17T16:05:44.452434+01:00] Session.ERROR: level can not be empty [] []
[2023-02-17T16:05:44.453705+01:00] register Rest.ERROR: something went wrong with the validation [] []
[2023-03-03T08:45:23.020925+01:00] User Model.ERROR: email can not be empty [] []
[2023-03-03T08:45:23.046572+01:00] login Rest.ERROR: something went wrong with the validation [] []
[2023-03-03T08:45:26.751969+01:00] User Model.ERROR: password can not be empty [] []
[2023-03-03T08:45:26.753476+01:00] login Rest.ERROR: something went wrong with the validation [] []
[2023-03-03T08:45:45.351214+01:00] User Model.ERROR: email can not be empty [] []
[2023-03-03T08:45:45.377891+01:00] register Rest.ERROR: something went wrong with the validation [] []
[2023-03-03T10:33:00.684125+01:00] Product Model.ERROR: name can not be empty [] []
[2023-03-03T10:33:00.691155+01:00] login Rest.ERROR: something went wrong with the validation [] []
[2023-03-03T10:33:26.617725+01:00] Product Model.ERROR: descr can not be empty [] []
[2023-03-03T10:33:26.622516+01:00] login Rest.ERROR: something went wrong with the validation [] []
